2024-07-07 15:25:44,383 - error_logger - ERROR - Extracted traceback from traceback object:
2024-07-07 15:25:44,413 - error_logger - ERROR - File : D:\work\Test2024-5-18\module_signature.py, Line : 174, Func.Name : run, Text : self.test_sth()
2024-07-07 15:25:44,413 - error_logger - ERROR - File : D:\python_enviroment\pyqt6_vir\Lib\site-packages\transitions\core.py, Line : 406, Func.Name : trigger, Text : return self.machine._process(func)
2024-07-07 15:25:44,413 - error_logger - ERROR - File : D:\python_enviroment\pyqt6_vir\Lib\site-packages\transitions\core.py, Line : 1236, Func.Name : _process, Text : return trigger()
2024-07-07 15:25:44,414 - error_logger - ERROR - File : D:\python_enviroment\pyqt6_vir\Lib\site-packages\transitions\core.py, Line : 420, Func.Name : _trigger, Text : self._process(event_data)
2024-07-07 15:25:44,414 - error_logger - ERROR - File : D:\python_enviroment\pyqt6_vir\Lib\site-packages\transitions\core.py, Line : 443, Func.Name : _process, Text : if trans.execute(event_data):
2024-07-07 15:25:44,414 - error_logger - ERROR - File : D:\python_enviroment\pyqt6_vir\Lib\site-packages\transitions\core.py, Line : 274, Func.Name : execute, Text : event_data.machine.callbacks(itertools.chain(event_data.machine.before_state_change, self.before), event_data)
2024-07-07 15:25:44,414 - error_logger - ERROR - File : D:\python_enviroment\pyqt6_vir\Lib\site-packages\transitions\core.py, Line : 1171, Func.Name : callbacks, Text : self.callback(func, event_data)
2024-07-07 15:25:44,415 - error_logger - ERROR - File : D:\python_enviroment\pyqt6_vir\Lib\site-packages\transitions\core.py, Line : 1192, Func.Name : callback, Text : func(*event_data.args, **event_data.kwargs)
2024-07-07 15:25:44,415 - error_logger - ERROR - File : D:\work\Test2024-5-18\module_signature.py, Line : 228, Func.Name : test_main2, Text : self.set_port()
2024-07-07 15:25:44,415 - error_logger - ERROR - File : D:\work\Test2024-5-18\module_signature.py, Line : 223, Func.Name : set_port, Text : self.com.open()
2024-07-07 15:25:44,415 - error_logger - ERROR - File : D:\python_enviroment\pyqt6_vir\Lib\site-packages\serial\serialwin32.py, Line : 64, Func.Name : open, Text : raise SerialException("could not open port {!r}: {!r}".format(self.portstr, ctypes.WinError()))
2024-07-08 15:24:34,987 - error_logger - ERROR - Extracted traceback from traceback object:
2024-07-08 15:24:35,000 - error_logger - ERROR - File : D:\work\BT\Actions\project\haman\charge6\files\module_sign\module_signature.py, Line : 174, Func.Name : run, Text : self.test_sth()
2024-07-08 15:24:35,000 - error_logger - ERROR - File : D:\work\BT\Actions\project\haman\charge6\files\module_signatureV1.3\test_venv\lib\site-packages\transitions\core.py, Line : 406, Func.Name : trigger, Text : return self.machine._process(func)
2024-07-08 15:24:35,001 - error_logger - ERROR - File : D:\work\BT\Actions\project\haman\charge6\files\module_signatureV1.3\test_venv\lib\site-packages\transitions\core.py, Line : 1236, Func.Name : _process, Text : return trigger()
2024-07-08 15:24:35,001 - error_logger - ERROR - File : D:\work\BT\Actions\project\haman\charge6\files\module_signatureV1.3\test_venv\lib\site-packages\transitions\core.py, Line : 420, Func.Name : _trigger, Text : self._process(event_data)
2024-07-08 15:24:35,002 - error_logger - ERROR - File : D:\work\BT\Actions\project\haman\charge6\files\module_signatureV1.3\test_venv\lib\site-packages\transitions\core.py, Line : 443, Func.Name : _process, Text : if trans.execute(event_data):
2024-07-08 15:24:35,002 - error_logger - ERROR - File : D:\work\BT\Actions\project\haman\charge6\files\module_signatureV1.3\test_venv\lib\site-packages\transitions\core.py, Line : 274, Func.Name : execute, Text : event_data.machine.callbacks(itertools.chain(event_data.machine.before_state_change, self.before), event_data)
2024-07-08 15:24:35,004 - error_logger - ERROR - File : D:\work\BT\Actions\project\haman\charge6\files\module_signatureV1.3\test_venv\lib\site-packages\transitions\core.py, Line : 1171, Func.Name : callbacks, Text : self.callback(func, event_data)
2024-07-08 15:24:35,005 - error_logger - ERROR - File : D:\work\BT\Actions\project\haman\charge6\files\module_signatureV1.3\test_venv\lib\site-packages\transitions\core.py, Line : 1192, Func.Name : callback, Text : func(*event_data.args, **event_data.kwargs)
2024-07-08 15:24:35,005 - error_logger - ERROR - File : D:\work\BT\Actions\project\haman\charge6\files\module_sign\module_signature.py, Line : 229, Func.Name : test_main2, Text : self.set_port()
2024-07-08 15:24:35,006 - error_logger - ERROR - File : D:\work\BT\Actions\project\haman\charge6\files\module_sign\module_signature.py, Line : 224, Func.Name : set_port, Text : self.com.open()
2024-07-08 15:24:35,007 - error_logger - ERROR - File : D:\work\BT\Actions\project\haman\charge6\files\module_signatureV1.3\test_venv\lib\site-packages\serial\serialwin32.py, Line : 64, Func.Name : open, Text : raise SerialException("could not open port {!r}: {!r}".format(self.portstr, ctypes.WinError()))
2024-07-09 09:56:19,525 - error_logger - ERROR - Extracted traceback from traceback object:
2024-07-09 09:56:19,538 - error_logger - ERROR - File : D:\work\BT\Actions\project\haman\charge6\files\module_sign\module_signature.py, Line : 175, Func.Name : run, Text : self.test_sth()
2024-07-09 09:56:19,539 - error_logger - ERROR - File : D:\work\BT\Actions\project\haman\charge6\files\module_signatureV1.3\test_venv\lib\site-packages\transitions\core.py, Line : 406, Func.Name : trigger, Text : return self.machine._process(func)
2024-07-09 09:56:19,539 - error_logger - ERROR - File : D:\work\BT\Actions\project\haman\charge6\files\module_signatureV1.3\test_venv\lib\site-packages\transitions\core.py, Line : 1236, Func.Name : _process, Text : return trigger()
2024-07-09 09:56:19,539 - error_logger - ERROR - File : D:\work\BT\Actions\project\haman\charge6\files\module_signatureV1.3\test_venv\lib\site-packages\transitions\core.py, Line : 420, Func.Name : _trigger, Text : self._process(event_data)
2024-07-09 09:56:19,540 - error_logger - ERROR - File : D:\work\BT\Actions\project\haman\charge6\files\module_signatureV1.3\test_venv\lib\site-packages\transitions\core.py, Line : 443, Func.Name : _process, Text : if trans.execute(event_data):
2024-07-09 09:56:19,540 - error_logger - ERROR - File : D:\work\BT\Actions\project\haman\charge6\files\module_signatureV1.3\test_venv\lib\site-packages\transitions\core.py, Line : 274, Func.Name : execute, Text : event_data.machine.callbacks(itertools.chain(event_data.machine.before_state_change, self.before), event_data)
2024-07-09 09:56:19,541 - error_logger - ERROR - File : D:\work\BT\Actions\project\haman\charge6\files\module_signatureV1.3\test_venv\lib\site-packages\transitions\core.py, Line : 1171, Func.Name : callbacks, Text : self.callback(func, event_data)
2024-07-09 09:56:19,543 - error_logger - ERROR - File : D:\work\BT\Actions\project\haman\charge6\files\module_signatureV1.3\test_venv\lib\site-packages\transitions\core.py, Line : 1192, Func.Name : callback, Text : func(*event_data.args, **event_data.kwargs)
2024-07-09 09:56:19,543 - error_logger - ERROR - File : D:\work\BT\Actions\project\haman\charge6\files\module_sign\module_signature.py, Line : 254, Func.Name : test_main2, Text : self.set_port()
2024-07-09 09:56:19,544 - error_logger - ERROR - File : D:\work\BT\Actions\project\haman\charge6\files\module_sign\module_signature.py, Line : 224, Func.Name : set_port, Text : self.com.open()
2024-07-09 09:56:19,544 - error_logger - ERROR - File : D:\work\BT\Actions\project\haman\charge6\files\module_signatureV1.3\test_venv\lib\site-packages\serial\serialwin32.py, Line : 64, Func.Name : open, Text : raise SerialException("could not open port {!r}: {!r}".format(self.portstr, ctypes.WinError()))
2024-07-09 11:09:55,022 - error_logger - ERROR - Extracted traceback from traceback object:
2024-07-09 11:09:55,038 - error_logger - ERROR - File : D:\work\BT\Actions\project\haman\charge6\files\module_sign\module_signature.py, Line : 175, Func.Name : run, Text : self.test_sth()
2024-07-09 11:09:55,048 - error_logger - ERROR - File : D:\work\BT\Actions\project\haman\charge6\files\module_signatureV1.3\test_venv\lib\site-packages\transitions\core.py, Line : 406, Func.Name : trigger, Text : return self.machine._process(func)
2024-07-09 11:09:55,060 - error_logger - ERROR - File : D:\work\BT\Actions\project\haman\charge6\files\module_signatureV1.3\test_venv\lib\site-packages\transitions\core.py, Line : 1236, Func.Name : _process, Text : return trigger()
2024-07-09 11:09:55,062 - error_logger - ERROR - File : D:\work\BT\Actions\project\haman\charge6\files\module_signatureV1.3\test_venv\lib\site-packages\transitions\core.py, Line : 420, Func.Name : _trigger, Text : self._process(event_data)
2024-07-09 11:09:55,070 - error_logger - ERROR - File : D:\work\BT\Actions\project\haman\charge6\files\module_signatureV1.3\test_venv\lib\site-packages\transitions\core.py, Line : 443, Func.Name : _process, Text : if trans.execute(event_data):
2024-07-09 11:09:55,098 - error_logger - ERROR - File : D:\work\BT\Actions\project\haman\charge6\files\module_signatureV1.3\test_venv\lib\site-packages\transitions\core.py, Line : 274, Func.Name : execute, Text : event_data.machine.callbacks(itertools.chain(event_data.machine.before_state_change, self.before), event_data)
2024-07-09 11:09:55,122 - error_logger - ERROR - File : D:\work\BT\Actions\project\haman\charge6\files\module_signatureV1.3\test_venv\lib\site-packages\transitions\core.py, Line : 1171, Func.Name : callbacks, Text : self.callback(func, event_data)
2024-07-09 11:09:55,159 - error_logger - ERROR - File : D:\work\BT\Actions\project\haman\charge6\files\module_signatureV1.3\test_venv\lib\site-packages\transitions\core.py, Line : 1192, Func.Name : callback, Text : func(*event_data.args, **event_data.kwargs)
2024-07-09 11:09:55,194 - error_logger - ERROR - File : D:\work\BT\Actions\project\haman\charge6\files\module_sign\module_signature.py, Line : 256, Func.Name : test_main2, Text : self.set_port()
2024-07-09 11:09:55,205 - error_logger - ERROR - File : D:\work\BT\Actions\project\haman\charge6\files\module_sign\module_signature.py, Line : 224, Func.Name : set_port, Text : self.com.open()
2024-07-09 11:09:55,237 - error_logger - ERROR - File : D:\work\BT\Actions\project\haman\charge6\files\module_signatureV1.3\test_venv\lib\site-packages\serial\serialwin32.py, Line : 64, Func.Name : open, Text : raise SerialException("could not open port {!r}: {!r}".format(self.portstr, ctypes.WinError()))
2024-07-09 11:19:43,641 - error_logger - ERROR - Extracted traceback from traceback object:
2024-07-09 11:19:43,649 - error_logger - ERROR - File : D:\work\BT\Actions\project\haman\charge6\files\module_sign\module_signature.py, Line : 175, Func.Name : run, Text : self.test_sth()
2024-07-09 11:19:43,650 - error_logger - ERROR - File : D:\work\BT\Actions\project\haman\charge6\files\module_signatureV1.3\test_venv\lib\site-packages\transitions\core.py, Line : 406, Func.Name : trigger, Text : return self.machine._process(func)
2024-07-09 11:19:43,651 - error_logger - ERROR - File : D:\work\BT\Actions\project\haman\charge6\files\module_signatureV1.3\test_venv\lib\site-packages\transitions\core.py, Line : 1236, Func.Name : _process, Text : return trigger()
2024-07-09 11:19:43,651 - error_logger - ERROR - File : D:\work\BT\Actions\project\haman\charge6\files\module_signatureV1.3\test_venv\lib\site-packages\transitions\core.py, Line : 420, Func.Name : _trigger, Text : self._process(event_data)
2024-07-09 11:19:43,652 - error_logger - ERROR - File : D:\work\BT\Actions\project\haman\charge6\files\module_signatureV1.3\test_venv\lib\site-packages\transitions\core.py, Line : 443, Func.Name : _process, Text : if trans.execute(event_data):
2024-07-09 11:19:43,652 - error_logger - ERROR - File : D:\work\BT\Actions\project\haman\charge6\files\module_signatureV1.3\test_venv\lib\site-packages\transitions\core.py, Line : 274, Func.Name : execute, Text : event_data.machine.callbacks(itertools.chain(event_data.machine.before_state_change, self.before), event_data)
2024-07-09 11:19:43,653 - error_logger - ERROR - File : D:\work\BT\Actions\project\haman\charge6\files\module_signatureV1.3\test_venv\lib\site-packages\transitions\core.py, Line : 1171, Func.Name : callbacks, Text : self.callback(func, event_data)
2024-07-09 11:19:43,653 - error_logger - ERROR - File : D:\work\BT\Actions\project\haman\charge6\files\module_signatureV1.3\test_venv\lib\site-packages\transitions\core.py, Line : 1192, Func.Name : callback, Text : func(*event_data.args, **event_data.kwargs)
2024-07-09 11:19:43,654 - error_logger - ERROR - File : D:\work\BT\Actions\project\haman\charge6\files\module_sign\module_signature.py, Line : 256, Func.Name : test_main2, Text : self.set_port()
2024-07-09 11:19:43,655 - error_logger - ERROR - File : D:\work\BT\Actions\project\haman\charge6\files\module_sign\module_signature.py, Line : 224, Func.Name : set_port, Text : self.com.open()
2024-07-09 11:19:43,656 - error_logger - ERROR - File : D:\work\BT\Actions\project\haman\charge6\files\module_signatureV1.3\test_venv\lib\site-packages\serial\serialwin32.py, Line : 64, Func.Name : open, Text : raise SerialException("could not open port {!r}: {!r}".format(self.portstr, ctypes.WinError()))
